<?xml version="1.0" encoding="UTF-8"?>
<testng-results ignored="0" total="1" passed="1" failed="0" skipped="0">
  <reporter-output>
  </reporter-output>
  <suite started-at="2025-01-10T22:36:55 IST" name="Default suite" finished-at="2025-01-10T22:36:55 IST" duration-ms="42">
    <groups>
    </groups>
    <test started-at="2025-01-10T22:36:55 IST" name="Default test" finished-at="2025-01-10T22:36:55 IST" duration-ms="42">
      <class name="BasicProgram.pattern">
        <test-method signature="stringpattern()[pri:0, instance:BasicProgram.pattern@48aca48b]" started-at="2025-01-10T22:36:55 IST" name="stringpattern" finished-at="2025-01-10T22:36:55 IST" duration-ms="6" status="PASS">
          <reporter-output>
          </reporter-output>
        </test-method> <!-- stringpattern -->
      </class> <!-- BasicProgram.pattern -->
    </test> <!-- Default test -->
  </suite> <!-- Default suite -->
</testng-results>
